Started at : Thu Nov 25 21:08:30 2021

---------------------------------------------------------------------
STEP AP203 to Patran Express Neutral file format Translator Version 6.6 Build Date : Sep 15 2020 
----------------------------------------------------------------------- 
Created STEP PART42 database. H_Stiffeners_4_stp.bin
Reading PART42 file C:\Users\diego\Pictures\.stp\H_Stiffeners_4.stp
Starting Translation ... 
Processing CLASS IV information ... 
Translating manifold surface shape representation no. :1	Total no. of representation items : 1
	Translating Shell_based_surface_model ... 
		Total no. of sbsm_boundaries in Shell based surface model: 1
			Translating sbsm_boundary no. 1 ( Open Shell)
 	Successfully Translated 
	------------------------------------------
	Successfully Translated Surface Models : 1
	Failed                : 0
	------------------------------------------
Translation complete. 
Writing PATRAN express neutral file H_Stiffeners_4.exp
Translation Completed. 
---------------------------------------------------------------------
Time : Thu Nov 25 21:08:30 2021

---------------------------------------------------------------------
 
AP203 TO PATRAN Translator   : Version 6.6 Build Date : Sep 15 2020
Unique_Ids Given for the Geometric Entities 
 CC1 information could not be processed 
 Step file contains shape representations of classes
 other than II and VI 
